h:\downloads\coursework_8502_graphics-20220523t095129z-001\coursework_8502_graphics\nclgl\x64\debug\nclgl.pdb
h:\downloads\coursework_8502_graphics-20220523t095129z-001\coursework_8502_graphics\nclgl\x64\debug\nclgl.idb
h:\downloads\coursework_8502_graphics-20220523t095129z-001\coursework_8502_graphics\nclgl\x64\debug\frustum.obj
h:\downloads\coursework_8502_graphics-20220523t095129z-001\coursework_8502_graphics\nclgl\x64\debug\plane.obj
h:\downloads\coursework_8502_graphics-20220523t095129z-001\coursework_8502_graphics\nclgl\x64\debug\scenenode.obj
h:\downloads\coursework_8502_graphics-20220523t095129z-001\coursework_8502_graphics\nclgl\x64\debug\shader.obj
h:\downloads\coursework_8502_graphics-20220523t095129z-001\coursework_8502_graphics\nclgl\x64\debug\quaternion.obj
h:\downloads\coursework_8502_graphics-20220523t095129z-001\coursework_8502_graphics\nclgl\x64\debug\oglrenderer.obj
h:\downloads\coursework_8502_graphics-20220523t095129z-001\coursework_8502_graphics\nclgl\x64\debug\mouse.obj
h:\downloads\coursework_8502_graphics-20220523t095129z-001\coursework_8502_graphics\nclgl\x64\debug\meshmaterial.obj
h:\downloads\coursework_8502_graphics-20220523t095129z-001\coursework_8502_graphics\nclgl\x64\debug\meshanimation.obj
h:\downloads\coursework_8502_graphics-20220523t095129z-001\coursework_8502_graphics\nclgl\x64\debug\mesh.obj
h:\downloads\coursework_8502_graphics-20220523t095129z-001\coursework_8502_graphics\nclgl\x64\debug\matrix4.obj
h:\downloads\coursework_8502_graphics-20220523t095129z-001\coursework_8502_graphics\nclgl\x64\debug\matrix3.obj
h:\downloads\coursework_8502_graphics-20220523t095129z-001\coursework_8502_graphics\nclgl\x64\debug\matrix2.obj
h:\downloads\coursework_8502_graphics-20220523t095129z-001\coursework_8502_graphics\nclgl\x64\debug\light.obj
h:\downloads\coursework_8502_graphics-20220523t095129z-001\coursework_8502_graphics\nclgl\x64\debug\keyboard.obj
h:\downloads\coursework_8502_graphics-20220523t095129z-001\coursework_8502_graphics\nclgl\x64\debug\heightmap.obj
h:\downloads\coursework_8502_graphics-20220523t095129z-001\coursework_8502_graphics\nclgl\x64\debug\gametimer.obj
h:\downloads\coursework_8502_graphics-20220523t095129z-001\coursework_8502_graphics\nclgl\x64\debug\computeshader.obj
h:\downloads\coursework_8502_graphics-20220523t095129z-001\coursework_8502_graphics\nclgl\x64\debug\camera.obj
h:\downloads\coursework_8502_graphics-20220523t095129z-001\coursework_8502_graphics\nclgl\x64\debug\cuberobot.obj
h:\downloads\coursework_8502_graphics-20220523t095129z-001\coursework_8502_graphics\nclgl\x64\debug\window.obj
h:\downloads\coursework_8502_graphics-20220523t095129z-001\coursework_8502_graphics\nclgl\x64\debug\tree.obj
h:\downloads\coursework_8502_graphics-20220523t095129z-001\coursework_8502_graphics\nclgl\x64\debug\glad.obj
h:\downloads\coursework_8502_graphics-20220523t095129z-001\coursework_8502_graphics\x64\debug\nclgl.lib
h:\downloads\coursework_8502_graphics-20220523t095129z-001\coursework_8502_graphics\nclgl\x64\debug\heightmap.obj.enc
h:\downloads\coursework_8502_graphics-20220523t095129z-001\coursework_8502_graphics\x64\debug\nclgl.pdb
h:\downloads\coursework_8502_graphics-20220523t095129z-001\coursework_8502_graphics\nclgl\x64\debug\nclgl.tlog\cl.command.1.tlog
h:\downloads\coursework_8502_graphics-20220523t095129z-001\coursework_8502_graphics\nclgl\x64\debug\nclgl.tlog\cl.read.1.tlog
h:\downloads\coursework_8502_graphics-20220523t095129z-001\coursework_8502_graphics\nclgl\x64\debug\nclgl.tlog\cl.write.1.tlog
h:\downloads\coursework_8502_graphics-20220523t095129z-001\coursework_8502_graphics\nclgl\x64\debug\nclgl.tlog\lib-link.read.1.tlog
h:\downloads\coursework_8502_graphics-20220523t095129z-001\coursework_8502_graphics\nclgl\x64\debug\nclgl.tlog\lib-link.write.1.tlog
h:\downloads\coursework_8502_graphics-20220523t095129z-001\coursework_8502_graphics\nclgl\x64\debug\nclgl.tlog\lib.command.1.tlog
